2026-01-19 12:42:09,903 - MasterNode - INFO - Distributing 15 tasks across 3 workers
2026-01-19 12:42:09,904 - MasterNode - INFO - Distributing task task-0 (priority: HIGH)
2026-01-19 12:42:09,904 - MasterNode - INFO - Distributing task task-3 (priority: HIGH)
2026-01-19 12:42:09,905 - MasterNode - INFO - Distributing task task-6 (priority: HIGH)
2026-01-19 12:42:09,905 - MasterNode - INFO - Distributing task task-9 (priority: HIGH)
2026-01-19 12:42:09,905 - MasterNode - INFO - Distributing task task-1 (priority: MEDIUM)
2026-01-19 12:42:09,906 - MasterNode - INFO - Distributing task task-2 (priority: MEDIUM)
2026-01-19 12:42:09,906 - MasterNode - INFO - Distributing task task-4 (priority: MEDIUM)
2026-01-19 12:42:09,906 - MasterNode - INFO - Distributing task task-5 (priority: MEDIUM)
2026-01-19 12:42:09,907 - MasterNode - INFO - Distributing task task-7 (priority: MEDIUM)
2026-01-19 12:42:09,907 - MasterNode - INFO - Distributing task task-8 (priority: MEDIUM)
2026-01-19 12:42:09,907 - MasterNode - INFO - Distributing task transform-0 (priority: LOW)
2026-01-19 12:42:09,908 - MasterNode - INFO - Distributing task transform-1 (priority: LOW)
2026-01-19 12:42:09,908 - MasterNode - INFO - Distributing task transform-2 (priority: LOW)
2026-01-19 12:42:09,908 - MasterNode - INFO - Distributing task transform-3 (priority: LOW)
2026-01-19 12:42:09,909 - MasterNode - INFO - Distributing task transform-4 (priority: LOW)
2026-01-19 12:42:09,919 - MasterNode - INFO - Task task-0 → worker-1 (attempt 1/3)
2026-01-19 12:42:09,920 - MasterNode - INFO - Task task-3 → worker-1 (attempt 1/3)
2026-01-19 12:42:09,920 - MasterNode - INFO - Task task-6 → worker-1 (attempt 1/3)
2026-01-19 12:42:09,920 - MasterNode - INFO - Task task-9 → worker-1 (attempt 1/3)
2026-01-19 12:42:09,922 - MasterNode - INFO - Task task-1 → worker-1 (attempt 1/3)
2026-01-19 12:42:09,922 - MasterNode - INFO - Task task-2 → worker-1 (attempt 1/3)
2026-01-19 12:42:09,923 - MasterNode - INFO - Task task-4 → worker-1 (attempt 1/3)
2026-01-19 12:42:09,923 - MasterNode - INFO - Task task-5 → worker-1 (attempt 1/3)
2026-01-19 12:42:09,924 - MasterNode - INFO - Task task-7 → worker-1 (attempt 1/3)
2026-01-19 12:42:09,925 - MasterNode - INFO - Task task-8 → worker-1 (attempt 1/3)
2026-01-19 12:42:09,925 - MasterNode - INFO - Task transform-0 → worker-1 (attempt 1/2)
2026-01-19 12:42:09,925 - MasterNode - INFO - Task transform-1 → worker-1 (attempt 1/2)
2026-01-19 12:42:09,926 - MasterNode - INFO - Task transform-2 → worker-1 (attempt 1/2)
2026-01-19 12:42:09,926 - MasterNode - INFO - Task transform-3 → worker-1 (attempt 1/2)
2026-01-19 12:42:09,929 - MasterNode - INFO - Task transform-4 → worker-1 (attempt 1/2)
2026-01-19 12:42:10,749 - MasterNode - WARNING - Task task-8 failed: Worker worker-1 simulated failure
2026-01-19 12:42:10,839 - MasterNode - INFO - Task task-1 completed successfully by worker-1
2026-01-19 12:42:10,925 - MasterNode - INFO - Task task-2 completed successfully by worker-1
2026-01-19 12:42:10,968 - MasterNode - INFO - Task task-6 completed successfully by worker-1
2026-01-19 12:42:11,028 - MasterNode - WARNING - Task task-5 failed: Worker worker-1 simulated failure
2026-01-19 12:42:11,169 - MasterNode - INFO - Task transform-4 completed successfully by worker-1
2026-01-19 12:42:11,204 - MasterNode - INFO - Task transform-0 completed successfully by worker-1
2026-01-19 12:42:11,252 - MasterNode - INFO - Task task-8 → worker-1 (attempt 2/3)
2026-01-19 12:42:11,316 - MasterNode - INFO - Task task-7 completed successfully by worker-1
2026-01-19 12:42:11,337 - MasterNode - INFO - Task transform-2 completed successfully by worker-1
2026-01-19 12:42:11,362 - MasterNode - INFO - Task task-9 completed successfully by worker-1
2026-01-19 12:42:11,530 - MasterNode - INFO - Task task-5 → worker-1 (attempt 2/3)
2026-01-19 12:42:11,590 - MasterNode - WARNING - Task task-0 failed: Worker worker-1 simulated failure
2026-01-19 12:42:11,607 - MasterNode - INFO - Task task-4 completed successfully by worker-1
2026-01-19 12:42:11,812 - MasterNode - INFO - Task task-3 completed successfully by worker-1
2026-01-19 12:42:11,848 - MasterNode - WARNING - Task transform-3 failed: Worker worker-1 simulated failure
2026-01-19 12:42:11,859 - MasterNode - INFO - Task transform-1 completed successfully by worker-1
2026-01-19 12:42:12,092 - MasterNode - INFO - Task task-0 → worker-1 (attempt 2/3)
2026-01-19 12:42:12,350 - MasterNode - INFO - Task transform-3 → worker-2 (attempt 2/2)
2026-01-19 12:42:12,378 - MasterNode - INFO - Task task-5 completed successfully by worker-1
2026-01-19 12:42:13,084 - MasterNode - WARNING - Task task-8 failed: Worker worker-1 simulated failure
2026-01-19 12:42:13,588 - MasterNode - INFO - Task task-8 → worker-1 (attempt 3/3)
2026-01-19 12:42:14,066 - MasterNode - INFO - Task task-0 completed successfully by worker-1
2026-01-19 12:42:14,217 - MasterNode - INFO - Task transform-3 completed successfully by worker-2
2026-01-19 12:42:15,575 - MasterNode - INFO - Task task-8 completed successfully by worker-1
2026-01-19 12:42:15,575 - MasterNode - INFO - All tasks distributed
2026-01-19 13:29:17,389 - MasterNode - INFO - Master started on localhost:4999
2026-01-19 13:29:19,198 - MasterNode - INFO - Discovering workers on ports [5000, 5001, 5002]
2026-01-19 13:29:19,200 - MasterNode - INFO - Discovered worker worker-1 on port 5000
2026-01-19 13:29:19,202 - MasterNode - INFO - Discovered worker worker-2 on port 5001
2026-01-19 13:29:19,204 - MasterNode - INFO - Discovered worker worker-3 on port 5002
2026-01-19 13:29:19,705 - MasterNode - INFO - Distributing 15 tasks to 3 workers
2026-01-19 13:29:19,706 - MasterNode - INFO - Distributing task compute-0 (priority: HIGH)
2026-01-19 13:29:19,706 - MasterNode - INFO - Distributing task compute-3 (priority: HIGH)
2026-01-19 13:29:19,707 - MasterNode - INFO - Distributing task compute-6 (priority: HIGH)
2026-01-19 13:29:19,707 - MasterNode - INFO - Distributing task compute-9 (priority: HIGH)
2026-01-19 13:29:19,707 - MasterNode - INFO - Distributing task compute-1 (priority: MEDIUM)
2026-01-19 13:29:19,707 - MasterNode - INFO - Distributing task compute-2 (priority: MEDIUM)
2026-01-19 13:29:19,708 - MasterNode - INFO - Distributing task compute-4 (priority: MEDIUM)
2026-01-19 13:29:19,708 - MasterNode - INFO - Distributing task compute-5 (priority: MEDIUM)
2026-01-19 13:29:19,708 - MasterNode - INFO - Distributing task compute-7 (priority: MEDIUM)
2026-01-19 13:29:19,709 - MasterNode - INFO - Distributing task compute-8 (priority: MEDIUM)
2026-01-19 13:29:19,709 - MasterNode - INFO - Distributing task transform-0 (priority: LOW)
2026-01-19 13:29:19,709 - MasterNode - INFO - Distributing task transform-1 (priority: LOW)
2026-01-19 13:29:19,709 - MasterNode - INFO - Distributing task transform-2 (priority: LOW)
2026-01-19 13:29:19,709 - MasterNode - INFO - Distributing task transform-3 (priority: LOW)
2026-01-19 13:29:19,710 - MasterNode - INFO - Distributing task transform-4 (priority: LOW)
2026-01-19 13:29:19,719 - MasterNode - INFO - Task compute-0 → worker-1 (attempt 1/3)
2026-01-19 13:29:19,720 - MasterNode - INFO - Task compute-3 → worker-1 (attempt 1/3)
2026-01-19 13:29:19,720 - MasterNode - INFO - Task compute-9 → worker-1 (attempt 1/3)
2026-01-19 13:29:19,724 - MasterNode - INFO - Task compute-6 → worker-1 (attempt 1/3)
2026-01-19 13:29:19,724 - MasterNode - INFO - Task compute-1 → worker-1 (attempt 1/3)
2026-01-19 13:29:19,725 - MasterNode - INFO - Task compute-2 → worker-1 (attempt 1/3)
2026-01-19 13:29:19,725 - MasterNode - INFO - Task compute-5 → worker-1 (attempt 1/3)
2026-01-19 13:29:19,726 - MasterNode - INFO - Task compute-4 → worker-1 (attempt 1/3)
2026-01-19 13:29:19,726 - MasterNode - INFO - Task compute-7 → worker-1 (attempt 1/3)
2026-01-19 13:29:19,727 - MasterNode - INFO - Task compute-8 → worker-1 (attempt 1/3)
2026-01-19 13:29:19,727 - MasterNode - INFO - Task transform-0 → worker-1 (attempt 1/2)
2026-01-19 13:29:19,728 - MasterNode - INFO - Task transform-1 → worker-1 (attempt 1/2)
2026-01-19 13:29:19,729 - MasterNode - INFO - Task transform-2 → worker-1 (attempt 1/2)
2026-01-19 13:29:19,730 - MasterNode - INFO - Task transform-3 → worker-1 (attempt 1/2)
2026-01-19 13:29:19,732 - MasterNode - INFO - Task transform-4 → worker-1 (attempt 1/2)
2026-01-19 13:29:20,289 - MasterNode - INFO - Task compute-4 completed by worker-1
2026-01-19 13:29:20,305 - MasterNode - INFO - Task transform-1 completed by worker-1
2026-01-19 13:29:20,312 - MasterNode - INFO - Task compute-6 completed by worker-1
2026-01-19 13:29:20,459 - MasterNode - INFO - Task transform-4 completed by worker-1
2026-01-19 13:29:20,484 - MasterNode - INFO - Task compute-8 completed by worker-1
2026-01-19 13:29:20,563 - MasterNode - INFO - Task transform-3 completed by worker-1
2026-01-19 13:29:20,656 - MasterNode - INFO - Task compute-7 completed by worker-1
2026-01-19 13:29:20,793 - MasterNode - INFO - Task compute-3 completed by worker-1
2026-01-19 13:29:20,890 - MasterNode - INFO - Task compute-1 completed by worker-1
2026-01-19 13:29:20,911 - MasterNode - INFO - Task compute-0 completed by worker-1
2026-01-19 13:29:21,393 - MasterNode - INFO - Task transform-0 completed by worker-1
2026-01-19 13:29:21,601 - MasterNode - INFO - Task transform-2 completed by worker-1
2026-01-19 13:29:21,608 - MasterNode - INFO - Task compute-5 completed by worker-1
2026-01-19 13:29:21,659 - MasterNode - INFO - Task compute-9 completed by worker-1
2026-01-19 13:29:21,666 - MasterNode - INFO - Task compute-2 completed by worker-1
2026-01-19 13:29:21,667 - MasterNode - INFO - Task distribution complete
